Flow report for mini
Mon Apr 10 07:42:43 2023
Quartus Prime Version 18.1.0 Build 625 09/12/2018 SJ Lite Edition


---------------------
; Table of Contents ;
---------------------
  1. Legal Notice
  2. Flow Summary
  3. Flow Settings
  4. Flow Non-Default Global Settings
  5. Flow Elapsed Time
  6. Flow OS Summary
  7. Flow Log
  8. Flow Messages
  9. Flow Suppressed Messages



----------------
; Legal Notice ;
----------------
Copyright (C) 2018  Intel Corporation. All rights reserved.
Your use of Intel Corporation's design tools, logic functions 
and other software and tools, and its AMPP partner logic 
functions, and any output files from any of the foregoing 
(including device programming or simulation files), and any 
associated documentation or information are expressly subject 
to the terms and conditions of the Intel Program License 
Subscription Agreement, the Intel Quartus Prime License Agreement,
the Intel FPGA IP License Agreement, or other applicable license
agreement, including, without limitation, that your use is for
the sole purpose of programming logic devices manufactured by
Intel and sold by Intel or its authorized distributors.  Please
refer to the applicable agreement for further details.



+-------------------------------------------------------------------------------+
; Flow Summary                                                                  ;
+---------------------------------+---------------------------------------------+
; Flow Status                     ; Successful - Mon Apr 10 07:42:19 2023       ;
; Quartus Prime Version           ; 18.1.0 Build 625 09/12/2018 SJ Lite Edition ;
; Revision Name                   ; mini                                        ;
; Top-level Entity Name           ; mini                                        ;
; Family                          ; Cyclone V                                   ;
; Device                          ; 5CSXFC6D6F31C6                              ;
; Timing Models                   ; Final                                       ;
; Logic utilization (in ALMs)     ; 1,928 / 41,910 ( 5 % )                      ;
; Total registers                 ; 3070                                        ;
; Total pins                      ; 149 / 499 ( 30 % )                          ;
; Total virtual pins              ; 0                                           ;
; Total block memory bits         ; 1,703,808 / 5,662,720 ( 30 % )              ;
; Total DSP Blocks                ; 3 / 112 ( 3 % )                             ;
; Total HSSI RX PCSs              ; 0 / 9 ( 0 % )                               ;
; Total HSSI PMA RX Deserializers ; 0 / 9 ( 0 % )                               ;
; Total HSSI TX PCSs              ; 0 / 9 ( 0 % )                               ;
; Total HSSI PMA TX Serializers   ; 0 / 9 ( 0 % )                               ;
; Total PLLs                      ; 1 / 15 ( 7 % )                              ;
; Total DLLs                      ; 0 / 4 ( 0 % )                               ;
+---------------------------------+---------------------------------------------+


+-----------------------------------------+
; Flow Settings                           ;
+-------------------+---------------------+
; Option            ; Setting             ;
+-------------------+---------------------+
; Start date & time ; 04/10/2023 07:38:20 ;
; Main task         ; Compilation         ;
; Revision Name     ; mini                ;
+-------------------+---------------------+


+--------------------------------------------------------------------------------------------------------------------------------------------------------+
; Flow Non-Default Global Settings                                                                                                                       ;
+-------------------------------------+-----------------------------------------------------------------------+---------------+-------------+------------+
; Assignment Name                     ; Value                                                                 ; Default Value ; Entity Name ; Section Id ;
+-------------------------------------+-----------------------------------------------------------------------+---------------+-------------+------------+
; COMPILER_SIGNATURE_ID               ; 233654130215176.168108709907320                                       ; --            ; --          ; --         ;
; MAX_CORE_JUNCTION_TEMP              ; 85                                                                    ; --            ; --          ; --         ;
; MIN_CORE_JUNCTION_TEMP              ; 0                                                                     ; --            ; --          ; --         ;
; MISC_FILE                           ; ../Platform_designer/miniProject/synthesis/../miniProject.cmp         ; --            ; --          ; --         ;
; MISC_FILE                           ; ../Platform_designer/miniProject/synthesis/../../miniProject.qsys     ; --            ; --          ; --         ;
; PARTITION_COLOR                     ; -- (Not supported for targeted family)                                ; --            ; --          ; Top        ;
; PARTITION_FITTER_PRESERVATION_LEVEL ; -- (Not supported for targeted family)                                ; --            ; --          ; Top        ;
; PARTITION_NETLIST_TYPE              ; -- (Not supported for targeted family)                                ; --            ; --          ; Top        ;
; POWER_BOARD_THERMAL_MODEL           ; None (CONSERVATIVE)                                                   ; --            ; --          ; --         ;
; POWER_PRESET_COOLING_SOLUTION       ; 23 MM HEAT SINK WITH 200 LFPM AIRFLOW                                 ; --            ; --          ; --         ;
; SLD_FILE                            ; ../Platform_designer/miniProject/synthesis/miniProject.regmap         ; --            ; --          ; --         ;
; SLD_FILE                            ; ../Platform_designer/miniProject/synthesis/miniProject.debuginfo      ; --            ; --          ; --         ;
; SLD_INFO                            ; QSYS_NAME miniProject HAS_SOPCINFO 1 GENERATION_ID 1681004917         ; --            ; miniProject ; --         ;
; SOPCINFO_FILE                       ; ../Platform_designer/miniProject/synthesis/../../miniProject.sopcinfo ; --            ; --          ; --         ;
; SYNTHESIS_ONLY_QIP                  ; On                                                                    ; --            ; --          ; --         ;
+-------------------------------------+-----------------------------------------------------------------------+---------------+-------------+------------+


+--------------------------------------------------------------------------------------------------------------------------+
; Flow Elapsed Time                                                                                                        ;
+----------------------+--------------+-------------------------+---------------------+------------------------------------+
; Module Name          ; Elapsed Time ; Average Processors Used ; Peak Virtual Memory ; Total CPU Time (on all processors) ;
+----------------------+--------------+-------------------------+---------------------+------------------------------------+
; Analysis & Synthesis ; 00:01:04     ; 1.0                     ; 5081 MB             ; 00:01:18                           ;
; Fitter               ; 00:02:22     ; 1.2                     ; 7008 MB             ; 00:05:01                           ;
; Assembler            ; 00:00:18     ; 1.0                     ; 4905 MB             ; 00:00:11                           ;
; Timing Analyzer      ; 00:00:23     ; 1.9                     ; 5412 MB             ; 00:00:35                           ;
; Total                ; 00:04:07     ; --                      ; --                  ; 00:07:05                           ;
+----------------------+--------------+-------------------------+---------------------+------------------------------------+


+------------------------------------------------------------------------------------+
; Flow OS Summary                                                                    ;
+----------------------+------------------+------------+------------+----------------+
; Module Name          ; Machine Hostname ; OS Name    ; OS Version ; Processor type ;
+----------------------+------------------+------------+------------+----------------+
; Analysis & Synthesis ; DESKTOP-EAEPI4M  ; Windows 10 ; 10.0       ; x86_64         ;
; Fitter               ; DESKTOP-EAEPI4M  ; Windows 10 ; 10.0       ; x86_64         ;
; Assembler            ; DESKTOP-EAEPI4M  ; Windows 10 ; 10.0       ; x86_64         ;
; Timing Analyzer      ; DESKTOP-EAEPI4M  ; Windows 10 ; 10.0       ; x86_64         ;
+----------------------+------------------+------------+------------+----------------+


------------
; Flow Log ;
------------
quartus_map --read_settings_files=on --write_settings_files=off mini -c mini
quartus_fit --read_settings_files=off --write_settings_files=off mini -c mini
quartus_asm --read_settings_files=off --write_settings_files=off mini -c mini
quartus_sta mini -c mini



